13:23:42: [INFO] [C:\Users\xiama\WARG\autonomy-bootcamp-2025-p2\modules\telemetry\telemetry_worker.py | telemetry_worker | 46] Logger initialized
13:23:42: [INFO] [C:\Users\xiama\WARG\autonomy-bootcamp-2025-p2\modules\telemetry\telemetry_worker.py | telemetry_worker | 56] Telemetry created
13:23:42: [INFO] [C:\Users\xiama\WARG\autonomy-bootcamp-2025-p2\modules\telemetry\telemetry.py | run | 125] Received ATTITUDE
13:23:42: [INFO] [C:\Users\xiama\WARG\autonomy-bootcamp-2025-p2\modules\telemetry\telemetry.py | run | 122] Received LOCAL_POSITION_NED
13:23:42: [INFO] [C:\Users\xiama\WARG\autonomy-bootcamp-2025-p2\modules\telemetry\telemetry.py | run | 143] Created TelemetryData
13:23:42: [INFO] [C:\Users\xiama\WARG\autonomy-bootcamp-2025-p2\modules\telemetry\telemetry_worker.py | telemetry_worker | 64] Sent telemetry data: {
            time_since_boot: 0,
            x: 0.0,
            y: 0.0,
            z: 0.0,
            x_velocity: 1.0,
            y_velocity: 0.0,
            z_velocity: 0.0,
            roll: 0.0,
            pitch: 0.0,
            yaw: 0.0,
            roll_speed: 0.0,
            pitch_speed: 0.0,
            yaw_speed: 3.1415927410125732
        }
13:23:42: [INFO] [C:\Users\xiama\WARG\autonomy-bootcamp-2025-p2\modules\telemetry\telemetry.py | run | 125] Received ATTITUDE
13:23:42: [INFO] [C:\Users\xiama\WARG\autonomy-bootcamp-2025-p2\modules\telemetry\telemetry.py | run | 122] Received LOCAL_POSITION_NED
13:23:42: [INFO] [C:\Users\xiama\WARG\autonomy-bootcamp-2025-p2\modules\telemetry\telemetry.py | run | 143] Created TelemetryData
13:23:42: [INFO] [C:\Users\xiama\WARG\autonomy-bootcamp-2025-p2\modules\telemetry\telemetry_worker.py | telemetry_worker | 64] Sent telemetry data: {
            time_since_boot: 500,
            x: 0.5,
            y: 0.0,
            z: 0.0,
            x_velocity: 1.0,
            y_velocity: 0.0,
            z_velocity: 0.0,
            roll: 0.0,
            pitch: 0.0,
            yaw: 1.0471975803375244,
            roll_speed: 0.0,
            pitch_speed: 0.0,
            yaw_speed: 3.1415927410125732
        }
13:23:42: [INFO] [C:\Users\xiama\WARG\autonomy-bootcamp-2025-p2\modules\telemetry\telemetry.py | run | 125] Received ATTITUDE
13:23:42: [INFO] [C:\Users\xiama\WARG\autonomy-bootcamp-2025-p2\modules\telemetry\telemetry.py | run | 122] Received LOCAL_POSITION_NED
13:23:42: [INFO] [C:\Users\xiama\WARG\autonomy-bootcamp-2025-p2\modules\telemetry\telemetry.py | run | 143] Created TelemetryData
13:23:42: [INFO] [C:\Users\xiama\WARG\autonomy-bootcamp-2025-p2\modules\telemetry\telemetry_worker.py | telemetry_worker | 64] Sent telemetry data: {
            time_since_boot: 1000,
            x: 1.0,
            y: 0.0,
            z: 0.0,
            x_velocity: 1.0,
            y_velocity: 0.0,
            z_velocity: 0.0,
            roll: 0.0,
            pitch: 0.0,
            yaw: 2.094395160675049,
            roll_speed: 0.0,
            pitch_speed: 0.0,
            yaw_speed: 3.1415927410125732
        }
13:23:43: [INFO] [C:\Users\xiama\WARG\autonomy-bootcamp-2025-p2\modules\telemetry\telemetry.py | run | 125] Received ATTITUDE
13:23:43: [INFO] [C:\Users\xiama\WARG\autonomy-bootcamp-2025-p2\modules\telemetry\telemetry.py | run | 122] Received LOCAL_POSITION_NED
13:23:43: [INFO] [C:\Users\xiama\WARG\autonomy-bootcamp-2025-p2\modules\telemetry\telemetry.py | run | 143] Created TelemetryData
13:23:43: [INFO] [C:\Users\xiama\WARG\autonomy-bootcamp-2025-p2\modules\telemetry\telemetry_worker.py | telemetry_worker | 64] Sent telemetry data: {
            time_since_boot: 1502,
            x: 1.5,
            y: 0.0,
            z: 0.0,
            x_velocity: 1.0,
            y_velocity: 0.0,
            z_velocity: 0.0,
            roll: 0.0,
            pitch: 0.0,
            yaw: -2.094395160675049,
            roll_speed: 0.0,
            pitch_speed: 0.0,
            yaw_speed: 3.1415927410125732
        }
13:23:43: [INFO] [C:\Users\xiama\WARG\autonomy-bootcamp-2025-p2\modules\telemetry\telemetry.py | run | 125] Received ATTITUDE
13:23:43: [INFO] [C:\Users\xiama\WARG\autonomy-bootcamp-2025-p2\modules\telemetry\telemetry.py | run | 122] Received LOCAL_POSITION_NED
13:23:43: [INFO] [C:\Users\xiama\WARG\autonomy-bootcamp-2025-p2\modules\telemetry\telemetry.py | run | 143] Created TelemetryData
13:23:43: [INFO] [C:\Users\xiama\WARG\autonomy-bootcamp-2025-p2\modules\telemetry\telemetry_worker.py | telemetry_worker | 64] Sent telemetry data: {
            time_since_boot: 2000,
            x: 2.0,
            y: 0.0,
            z: 0.0,
            x_velocity: 1.0,
            y_velocity: 0.0,
            z_velocity: 0.0,
            roll: 0.0,
            pitch: 0.0,
            yaw: -1.0471975803375244,
            roll_speed: 0.0,
            pitch_speed: 0.0,
            yaw_speed: 3.1415927410125732
        }
13:23:44: [INFO] [C:\Users\xiama\WARG\autonomy-bootcamp-2025-p2\modules\telemetry\telemetry.py | run | 125] Received ATTITUDE
13:23:44: [INFO] [C:\Users\xiama\WARG\autonomy-bootcamp-2025-p2\modules\telemetry\telemetry.py | run | 122] Received LOCAL_POSITION_NED
13:23:44: [INFO] [C:\Users\xiama\WARG\autonomy-bootcamp-2025-p2\modules\telemetry\telemetry.py | run | 143] Created TelemetryData
13:23:44: [INFO] [C:\Users\xiama\WARG\autonomy-bootcamp-2025-p2\modules\telemetry\telemetry_worker.py | telemetry_worker | 64] Sent telemetry data: {
            time_since_boot: 2514,
            x: 2.5,
            y: 0.0,
            z: 0.0,
            x_velocity: 1.0,
            y_velocity: 0.0,
            z_velocity: 0.0,
            roll: 0.0,
            pitch: 0.0,
            yaw: 1.0471975803375244,
            roll_speed: 0.0,
            pitch_speed: 0.0,
            yaw_speed: 3.1415927410125732
        }
13:23:44: [INFO] [C:\Users\xiama\WARG\autonomy-bootcamp-2025-p2\modules\telemetry\telemetry.py | run | 125] Received ATTITUDE
13:23:44: [INFO] [C:\Users\xiama\WARG\autonomy-bootcamp-2025-p2\modules\telemetry\telemetry.py | run | 122] Received LOCAL_POSITION_NED
13:23:44: [INFO] [C:\Users\xiama\WARG\autonomy-bootcamp-2025-p2\modules\telemetry\telemetry.py | run | 143] Created TelemetryData
13:23:44: [INFO] [C:\Users\xiama\WARG\autonomy-bootcamp-2025-p2\modules\telemetry\telemetry_worker.py | telemetry_worker | 64] Sent telemetry data: {
            time_since_boot: 3000,
            x: 3.0,
            y: 0.0,
            z: 0.0,
            x_velocity: 1.0,
            y_velocity: 0.0,
            z_velocity: 0.0,
            roll: 0.0,
            pitch: 0.0,
            yaw: 2.094395160675049,
            roll_speed: 0.0,
            pitch_speed: 0.0,
            yaw_speed: 3.1415927410125732
        }
13:23:45: [INFO] [C:\Users\xiama\WARG\autonomy-bootcamp-2025-p2\modules\telemetry\telemetry.py | run | 125] Received ATTITUDE
13:23:45: [INFO] [C:\Users\xiama\WARG\autonomy-bootcamp-2025-p2\modules\telemetry\telemetry.py | run | 122] Received LOCAL_POSITION_NED
13:23:45: [INFO] [C:\Users\xiama\WARG\autonomy-bootcamp-2025-p2\modules\telemetry\telemetry.py | run | 143] Created TelemetryData
13:23:45: [INFO] [C:\Users\xiama\WARG\autonomy-bootcamp-2025-p2\modules\telemetry\telemetry_worker.py | telemetry_worker | 64] Sent telemetry data: {
            time_since_boot: 3500,
            x: 3.5,
            y: 0.0,
            z: 0.0,
            x_velocity: 1.0,
            y_velocity: 0.0,
            z_velocity: 0.0,
            roll: 0.0,
            pitch: 0.0,
            yaw: -2.094395160675049,
            roll_speed: 0.0,
            pitch_speed: 0.0,
            yaw_speed: 3.1415927410125732
        }
13:23:45: [INFO] [C:\Users\xiama\WARG\autonomy-bootcamp-2025-p2\modules\telemetry\telemetry.py | run | 125] Received ATTITUDE
13:23:45: [INFO] [C:\Users\xiama\WARG\autonomy-bootcamp-2025-p2\modules\telemetry\telemetry.py | run | 122] Received LOCAL_POSITION_NED
13:23:45: [INFO] [C:\Users\xiama\WARG\autonomy-bootcamp-2025-p2\modules\telemetry\telemetry.py | run | 143] Created TelemetryData
13:23:45: [INFO] [C:\Users\xiama\WARG\autonomy-bootcamp-2025-p2\modules\telemetry\telemetry_worker.py | telemetry_worker | 64] Sent telemetry data: {
            time_since_boot: 4000,
            x: 4.0,
            y: 0.0,
            z: 0.0,
            x_velocity: 1.0,
            y_velocity: 0.0,
            z_velocity: 0.0,
            roll: 0.0,
            pitch: 0.0,
            yaw: -1.0471975803375244,
            roll_speed: 0.0,
            pitch_speed: 0.0,
            yaw_speed: 3.1415927410125732
        }
13:23:46: [INFO] [C:\Users\xiama\WARG\autonomy-bootcamp-2025-p2\modules\telemetry\telemetry.py | run | 125] Received ATTITUDE
13:23:46: [INFO] [C:\Users\xiama\WARG\autonomy-bootcamp-2025-p2\modules\telemetry\telemetry.py | run | 122] Received LOCAL_POSITION_NED
13:23:46: [INFO] [C:\Users\xiama\WARG\autonomy-bootcamp-2025-p2\modules\telemetry\telemetry.py | run | 143] Created TelemetryData
13:23:46: [INFO] [C:\Users\xiama\WARG\autonomy-bootcamp-2025-p2\modules\telemetry\telemetry_worker.py | telemetry_worker | 64] Sent telemetry data: {
            time_since_boot: 4500,
            x: 4.5,
            y: 0.0,
            z: 0.0,
            x_velocity: 1.0,
            y_velocity: 0.0,
            z_velocity: 0.0,
            roll: 0.0,
            pitch: 0.0,
            yaw: 1.0471975803375244,
            roll_speed: 0.0,
            pitch_speed: 0.0,
            yaw_speed: 3.1415927410125732
        }
13:23:46: [INFO] [C:\Users\xiama\WARG\autonomy-bootcamp-2025-p2\modules\telemetry\telemetry.py | run | 125] Received ATTITUDE
13:23:47: [ERROR] [C:\Users\xiama\WARG\autonomy-bootcamp-2025-p2\modules\telemetry\telemetry.py | run | 146] Timeout: Did not receive both messages within 1 second
13:23:47: [WARNING] [C:\Users\xiama\WARG\autonomy-bootcamp-2025-p2\modules\telemetry\telemetry_worker.py | telemetry_worker | 66] Telemetry timeout
13:23:47: [INFO] [C:\Users\xiama\WARG\autonomy-bootcamp-2025-p2\modules\telemetry\telemetry.py | run | 125] Received ATTITUDE
13:23:48: [ERROR] [C:\Users\xiama\WARG\autonomy-bootcamp-2025-p2\modules\telemetry\telemetry.py | run | 146] Timeout: Did not receive both messages within 1 second
13:23:48: [WARNING] [C:\Users\xiama\WARG\autonomy-bootcamp-2025-p2\modules\telemetry\telemetry_worker.py | telemetry_worker | 66] Telemetry timeout
13:23:48: [INFO] [C:\Users\xiama\WARG\autonomy-bootcamp-2025-p2\modules\telemetry\telemetry.py | run | 122] Received LOCAL_POSITION_NED
13:23:49: [ERROR] [C:\Users\xiama\WARG\autonomy-bootcamp-2025-p2\modules\telemetry\telemetry.py | run | 146] Timeout: Did not receive both messages within 1 second
13:23:49: [WARNING] [C:\Users\xiama\WARG\autonomy-bootcamp-2025-p2\modules\telemetry\telemetry_worker.py | telemetry_worker | 66] Telemetry timeout
13:23:49: [INFO] [C:\Users\xiama\WARG\autonomy-bootcamp-2025-p2\modules\telemetry\telemetry.py | run | 125] Received ATTITUDE
13:23:49: [INFO] [C:\Users\xiama\WARG\autonomy-bootcamp-2025-p2\modules\telemetry\telemetry.py | run | 122] Received LOCAL_POSITION_NED
13:23:49: [INFO] [C:\Users\xiama\WARG\autonomy-bootcamp-2025-p2\modules\telemetry\telemetry.py | run | 143] Created TelemetryData
13:23:49: [INFO] [C:\Users\xiama\WARG\autonomy-bootcamp-2025-p2\modules\telemetry\telemetry_worker.py | telemetry_worker | 64] Sent telemetry data: {
            time_since_boot: 0,
            x: 0.0,
            y: 0.0,
            z: 0.0,
            x_velocity: 1.0,
            y_velocity: 0.0,
            z_velocity: 0.0,
            roll: 0.0,
            pitch: 0.0,
            yaw: 0.0,
            roll_speed: 0.0,
            pitch_speed: 0.0,
            yaw_speed: 3.1415927410125732
        }
13:23:50: [INFO] [C:\Users\xiama\WARG\autonomy-bootcamp-2025-p2\modules\telemetry\telemetry.py | run | 122] Received LOCAL_POSITION_NED
13:23:50: [INFO] [C:\Users\xiama\WARG\autonomy-bootcamp-2025-p2\modules\telemetry\telemetry.py | run | 125] Received ATTITUDE
13:23:50: [INFO] [C:\Users\xiama\WARG\autonomy-bootcamp-2025-p2\modules\telemetry\telemetry.py | run | 143] Created TelemetryData
13:23:50: [INFO] [C:\Users\xiama\WARG\autonomy-bootcamp-2025-p2\modules\telemetry\telemetry_worker.py | telemetry_worker | 64] Sent telemetry data: {
            time_since_boot: 501,
            x: 0.3333333432674408,
            y: 0.0,
            z: 0.0,
            x_velocity: 1.0,
            y_velocity: 0.0,
            z_velocity: 0.0,
            roll: 0.0,
            pitch: 0.0,
            yaw: 1.5707963705062866,
            roll_speed: 0.0,
            pitch_speed: 0.0,
            yaw_speed: 3.1415927410125732
        }
13:23:50: [INFO] [C:\Users\xiama\WARG\autonomy-bootcamp-2025-p2\modules\telemetry\telemetry.py | run | 122] Received LOCAL_POSITION_NED
13:23:50: [INFO] [C:\Users\xiama\WARG\autonomy-bootcamp-2025-p2\modules\telemetry\telemetry.py | run | 125] Received ATTITUDE
13:23:50: [INFO] [C:\Users\xiama\WARG\autonomy-bootcamp-2025-p2\modules\telemetry\telemetry.py | run | 143] Created TelemetryData
13:23:50: [INFO] [C:\Users\xiama\WARG\autonomy-bootcamp-2025-p2\modules\telemetry\telemetry_worker.py | telemetry_worker | 64] Sent telemetry data: {
            time_since_boot: 1000,
            x: 0.6666666865348816,
            y: 0.0,
            z: 0.0,
            x_velocity: 1.0,
            y_velocity: 0.0,
            z_velocity: 0.0,
            roll: 0.0,
            pitch: 0.0,
            yaw: 3.1415927410125732,
            roll_speed: 0.0,
            pitch_speed: 0.0,
            yaw_speed: 3.1415927410125732
        }
13:23:50: [INFO] [C:\Users\xiama\WARG\autonomy-bootcamp-2025-p2\modules\telemetry\telemetry.py | run | 122] Received LOCAL_POSITION_NED
13:23:51: [INFO] [C:\Users\xiama\WARG\autonomy-bootcamp-2025-p2\modules\telemetry\telemetry.py | run | 125] Received ATTITUDE
13:23:51: [INFO] [C:\Users\xiama\WARG\autonomy-bootcamp-2025-p2\modules\telemetry\telemetry.py | run | 143] Created TelemetryData
13:23:51: [INFO] [C:\Users\xiama\WARG\autonomy-bootcamp-2025-p2\modules\telemetry\telemetry_worker.py | telemetry_worker | 64] Sent telemetry data: {
            time_since_boot: 1509,
            x: 1.0,
            y: 0.0,
            z: 0.0,
            x_velocity: 1.0,
            y_velocity: 0.0,
            z_velocity: 0.0,
            roll: 0.0,
            pitch: 0.0,
            yaw: -1.5707963705062866,
            roll_speed: 0.0,
            pitch_speed: 0.0,
            yaw_speed: 3.1415927410125732
        }
13:23:51: [INFO] [C:\Users\xiama\WARG\autonomy-bootcamp-2025-p2\modules\telemetry\telemetry.py | run | 122] Received LOCAL_POSITION_NED
13:23:51: [INFO] [C:\Users\xiama\WARG\autonomy-bootcamp-2025-p2\modules\telemetry\telemetry.py | run | 125] Received ATTITUDE
13:23:51: [INFO] [C:\Users\xiama\WARG\autonomy-bootcamp-2025-p2\modules\telemetry\telemetry.py | run | 143] Created TelemetryData
13:23:51: [INFO] [C:\Users\xiama\WARG\autonomy-bootcamp-2025-p2\modules\telemetry\telemetry_worker.py | telemetry_worker | 64] Sent telemetry data: {
            time_since_boot: 2000,
            x: 1.6666666269302368,
            y: 0.0,
            z: 0.0,
            x_velocity: 1.0,
            y_velocity: 0.0,
            z_velocity: 0.0,
            roll: 0.0,
            pitch: 0.0,
            yaw: 0.0,
            roll_speed: 0.0,
            pitch_speed: 0.0,
            yaw_speed: 3.1415927410125732
        }
13:23:51: [INFO] [C:\Users\xiama\WARG\autonomy-bootcamp-2025-p2\modules\telemetry\telemetry.py | run | 122] Received LOCAL_POSITION_NED
13:23:52: [INFO] [C:\Users\xiama\WARG\autonomy-bootcamp-2025-p2\modules\telemetry\telemetry.py | run | 125] Received ATTITUDE
13:23:52: [INFO] [C:\Users\xiama\WARG\autonomy-bootcamp-2025-p2\modules\telemetry\telemetry.py | run | 143] Created TelemetryData
13:23:52: [INFO] [C:\Users\xiama\WARG\autonomy-bootcamp-2025-p2\modules\telemetry\telemetry_worker.py | telemetry_worker | 64] Sent telemetry data: {
            time_since_boot: 2511,
            x: 2.0,
            y: 0.0,
            z: 0.0,
            x_velocity: 1.0,
            y_velocity: 0.0,
            z_velocity: 0.0,
            roll: 0.0,
            pitch: 0.0,
            yaw: 1.5707963705062866,
            roll_speed: 0.0,
            pitch_speed: 0.0,
            yaw_speed: 3.1415927410125732
        }
13:23:52: [INFO] [C:\Users\xiama\WARG\autonomy-bootcamp-2025-p2\modules\telemetry\telemetry.py | run | 122] Received LOCAL_POSITION_NED
13:23:52: [INFO] [C:\Users\xiama\WARG\autonomy-bootcamp-2025-p2\modules\telemetry\telemetry.py | run | 125] Received ATTITUDE
13:23:52: [INFO] [C:\Users\xiama\WARG\autonomy-bootcamp-2025-p2\modules\telemetry\telemetry.py | run | 143] Created TelemetryData
13:23:52: [INFO] [C:\Users\xiama\WARG\autonomy-bootcamp-2025-p2\modules\telemetry\telemetry_worker.py | telemetry_worker | 64] Sent telemetry data: {
            time_since_boot: 3000,
            x: 2.6666667461395264,
            y: 0.0,
            z: 0.0,
            x_velocity: 1.0,
            y_velocity: 0.0,
            z_velocity: 0.0,
            roll: 0.0,
            pitch: 0.0,
            yaw: 3.1415927410125732,
            roll_speed: 0.0,
            pitch_speed: 0.0,
            yaw_speed: 3.1415927410125732
        }
13:23:53: [INFO] [C:\Users\xiama\WARG\autonomy-bootcamp-2025-p2\modules\telemetry\telemetry.py | run | 122] Received LOCAL_POSITION_NED
13:23:53: [INFO] [C:\Users\xiama\WARG\autonomy-bootcamp-2025-p2\modules\telemetry\telemetry.py | run | 125] Received ATTITUDE
13:23:53: [INFO] [C:\Users\xiama\WARG\autonomy-bootcamp-2025-p2\modules\telemetry\telemetry.py | run | 143] Created TelemetryData
13:23:53: [INFO] [C:\Users\xiama\WARG\autonomy-bootcamp-2025-p2\modules\telemetry\telemetry_worker.py | telemetry_worker | 64] Sent telemetry data: {
            time_since_boot: 3504,
            x: 3.0,
            y: 0.0,
            z: 0.0,
            x_velocity: 1.0,
            y_velocity: 0.0,
            z_velocity: 0.0,
            roll: 0.0,
            pitch: 0.0,
            yaw: -1.5707963705062866,
            roll_speed: 0.0,
            pitch_speed: 0.0,
            yaw_speed: 3.1415927410125732
        }
13:23:53: [INFO] [C:\Users\xiama\WARG\autonomy-bootcamp-2025-p2\modules\telemetry\telemetry.py | run | 122] Received LOCAL_POSITION_NED
13:23:53: [INFO] [C:\Users\xiama\WARG\autonomy-bootcamp-2025-p2\modules\telemetry\telemetry.py | run | 125] Received ATTITUDE
13:23:53: [INFO] [C:\Users\xiama\WARG\autonomy-bootcamp-2025-p2\modules\telemetry\telemetry.py | run | 143] Created TelemetryData
13:23:53: [INFO] [C:\Users\xiama\WARG\autonomy-bootcamp-2025-p2\modules\telemetry\telemetry_worker.py | telemetry_worker | 64] Sent telemetry data: {
            time_since_boot: 4000,
            x: 3.6666667461395264,
            y: 0.0,
            z: 0.0,
            x_velocity: 1.0,
            y_velocity: 0.0,
            z_velocity: 0.0,
            roll: 0.0,
            pitch: 0.0,
            yaw: 0.0,
            roll_speed: 0.0,
            pitch_speed: 0.0,
            yaw_speed: 3.1415927410125732
        }
13:23:53: [INFO] [C:\Users\xiama\WARG\autonomy-bootcamp-2025-p2\modules\telemetry\telemetry.py | run | 122] Received LOCAL_POSITION_NED
13:23:54: [INFO] [C:\Users\xiama\WARG\autonomy-bootcamp-2025-p2\modules\telemetry\telemetry.py | run | 125] Received ATTITUDE
13:23:54: [INFO] [C:\Users\xiama\WARG\autonomy-bootcamp-2025-p2\modules\telemetry\telemetry.py | run | 143] Created TelemetryData
13:23:54: [INFO] [C:\Users\xiama\WARG\autonomy-bootcamp-2025-p2\modules\telemetry\telemetry_worker.py | telemetry_worker | 64] Sent telemetry data: {
            time_since_boot: 4500,
            x: 4.0,
            y: 0.0,
            z: 0.0,
            x_velocity: 1.0,
            y_velocity: 0.0,
            z_velocity: 0.0,
            roll: 0.0,
            pitch: 0.0,
            yaw: 1.5707963705062866,
            roll_speed: 0.0,
            pitch_speed: 0.0,
            yaw_speed: 3.1415927410125732
        }
13:23:54: [INFO] [C:\Users\xiama\WARG\autonomy-bootcamp-2025-p2\modules\telemetry\telemetry.py | run | 122] Received LOCAL_POSITION_NED
13:23:55: [ERROR] [C:\Users\xiama\WARG\autonomy-bootcamp-2025-p2\modules\telemetry\telemetry.py | run | 146] Timeout: Did not receive both messages within 1 second
13:23:55: [WARNING] [C:\Users\xiama\WARG\autonomy-bootcamp-2025-p2\modules\telemetry\telemetry_worker.py | telemetry_worker | 66] Telemetry timeout
13:23:56: [ERROR] [C:\Users\xiama\WARG\autonomy-bootcamp-2025-p2\modules\telemetry\telemetry.py | run | 146] Timeout: Did not receive both messages within 1 second
13:23:56: [WARNING] [C:\Users\xiama\WARG\autonomy-bootcamp-2025-p2\modules\telemetry\telemetry_worker.py | telemetry_worker | 66] Telemetry timeout
